<?xml version="1.0" encoding="UTF-8"?>
<!-- Generated by org.testng.reporters.JUnitReportReporter -->
<testsuite hostname="DESKTOP-CVOMGDJ" failures="0" tests="2" name="AniketTestAcademy.tests.ErrorValidations" time="13.960" errors="0" timestamp="2024-06-27T02:14:52 IST" skipped="0">
  <testcase classname="AniketTestAcademy.tests.ErrorValidations" name="loginErrorValidation" time="5.732"/>
  <testcase classname="AniketTestAcademy.tests.ErrorValidations" name="productErrorValidation" time="8.228"/>
</testsuite> <!-- AniketTestAcademy.tests.ErrorValidations -->
