<?xml version="1.0" encoding="UTF-8"?>
<!-- Generated by org.testng.reporters.JUnitReportReporter -->
<testsuite hostname="DESKTOP-CVOMGDJ" failures="0" tests="2" name="AniketTestAcademy.tests.ErrorValidations" time="15.575" errors="0" timestamp="2024-07-03T20:23:59 IST" skipped="0">
  <testcase classname="AniketTestAcademy.tests.ErrorValidations" name="productErrorValidation" time="11.235"/>
  <testcase classname="AniketTestAcademy.tests.ErrorValidations" name="loginErrorValidation" time="4.340"/>
</testsuite> <!-- AniketTestAcademy.tests.ErrorValidations -->
