<?xml version="1.0" encoding="UTF-8"?>
<!-- Generated by org.testng.reporters.JUnitReportReporter -->
<testsuite hostname="DESKTOP-CVOMGDJ" failures="0" tests="4" name="AniketTestAcademy.tests.SubmitOrderTest" time="42.819" errors="0" timestamp="2024-07-03T20:23:59 IST" skipped="0">
  <testcase classname="AniketTestAcademy.tests.SubmitOrderTest" name="loginAndOut" time="7.724"/>
  <testcase classname="AniketTestAcademy.tests.SubmitOrderTest" name="submitOrder" time="12.843"/>
  <testcase classname="AniketTestAcademy.tests.SubmitOrderTest" name="submitOrder" time="17.986"/>
  <testcase classname="AniketTestAcademy.tests.SubmitOrderTest" name="orderHistorytest" time="4.266"/>
</testsuite> <!-- AniketTestAcademy.tests.SubmitOrderTest -->
