<?xml version="1.0" encoding="UTF-8"?>
<!-- Generated by org.testng.reporters.JUnitReportReporter -->
<testsuite hostname="DESKTOP-CVOMGDJ" failures="0" tests="2" name="Cucumber.TestNGTestRunner" time="15.900" errors="0" timestamp="2024-06-27T02:49:02 IST" skipped="0">
  <testcase classname="Cucumber.TestNGTestRunner" name="runScenario" time="10.856"/>
  <testcase classname="Cucumber.TestNGTestRunner" name="runScenario" time="5.044"/>
</testsuite> <!-- Cucumber.TestNGTestRunner -->
