<?xml version="1.0" encoding="UTF-8"?>
<!-- Generated by org.testng.reporters.JUnitReportReporter -->
<testsuite hostname="DESKTOP-CVOMGDJ" failures="0" tests="1" name="AniketTestAcademy.tests.ErrorValidations" time="4.993" errors="0" timestamp="2024-06-29T02:18:39 IST" skipped="0">
  <testcase classname="AniketTestAcademy.tests.ErrorValidations" name="loginErrorValidation" time="4.993"/>
</testsuite> <!-- AniketTestAcademy.tests.ErrorValidations -->
