<?xml version="1.0" encoding="UTF-8"?>
<!-- Generated by org.testng.reporters.JUnitReportReporter -->
<testsuite hostname="DESKTOP-CVOMGDJ" failures="0" tests="1" name="AniketTestAcademy.tests.ErrorValidations" time="7.518" errors="0" timestamp="2024-06-29T01:32:08 IST" skipped="0">
  <testcase classname="AniketTestAcademy.tests.ErrorValidations" name="loginErrorValidation" time="7.518"/>
</testsuite> <!-- AniketTestAcademy.tests.ErrorValidations -->
