<?xml version="1.0" encoding="UTF-8"?>
<!-- Generated by org.testng.reporters.JUnitReportReporter -->
<testsuite hostname="DESKTOP-CVOMGDJ" failures="0" tests="2" name="AniketTestAcademy.tests.SubmitOrderTest" time="28.696" errors="0" timestamp="2024-07-03T20:29:26 IST" skipped="0">
  <testcase classname="AniketTestAcademy.tests.SubmitOrderTest" name="submitOrder" time="15.548"/>
  <testcase classname="AniketTestAcademy.tests.SubmitOrderTest" name="submitOrder" time="13.148"/>
</testsuite> <!-- AniketTestAcademy.tests.SubmitOrderTest -->
