<?xml version="1.0" encoding="UTF-8"?>
<!-- Generated by org.testng.reporters.JUnitReportReporter -->
<testsuite hostname="DESKTOP-CVOMGDJ" failures="0" tests="2" name="Cucumber.TestNGTestRunner" time="17.673" errors="0" timestamp="2024-06-29T02:11:50 IST" skipped="0">
  <testcase classname="Cucumber.TestNGTestRunner" name="runScenario" time="4.073"/>
  <testcase classname="Cucumber.TestNGTestRunner" name="runScenario" time="13.600"/>
</testsuite> <!-- Cucumber.TestNGTestRunner -->
