<?xml version="1.0" encoding="UTF-8"?>
<!-- Generated by org.testng.reporters.JUnitReportReporter -->
<testsuite hostname="DESKTOP-CVOMGDJ" failures="0" tests="2" name="Cucumber.TestNGTestRunner" time="16.647" errors="0" timestamp="2024-06-27T02:54:33 IST" skipped="0">
  <testcase classname="Cucumber.TestNGTestRunner" name="runScenario" time="10.120"/>
  <testcase classname="Cucumber.TestNGTestRunner" name="runScenario" time="6.527"/>
</testsuite> <!-- Cucumber.TestNGTestRunner -->
